# JRE version: Java(TM) SE Runtime Environment (8.0_05-b13) (build 1.8.0_05-b13)
# Java VM: Java HotSpot(TM) 64-Bit Server VM (25.5-b02 mixed mode bsd-amd64 compressed oops)
Heap:
 PSYoungGen      total 134144K, used 89175K [0x00000007b5580000, 0x00000007c0000000, 0x00000007c0000000)
  eden space 95744K, 67% used [0x00000007b5580000,0x00000007b950dca0,0x00000007bb300000)
  from space 38400K, 62% used [0x00000007bda80000,0x00000007bf208188,0x00000007c0000000)
  to   space 39424K, 0% used [0x00000007bb300000,0x00000007bb300000,0x00000007bd980000)
 ParOldGen       total 43008K, used 36080K [0x00000007a0000000, 0x00000007a2a00000, 0x00000007b5580000)
  object space 43008K, 83% used [0x00000007a0000000,0x00000007a233c280,0x00000007a2a00000)
 Metaspace       used 26795K, capacity 27240K, committed 27520K, reserved 1073152K
  class space    used 3221K, capacity 3410K, committed 3456K, reserved 1048576K
GC Heap History (10 events):
Event: 948.247 GC heap before
{Heap before GC invocations=28 (full 1):
 PSYoungGen      total 136704K, used 129576K [0x00000007b5580000, 0x00000007c0000000, 0x00000007c0000000)
  eden space 104960K, 100% used [0x00000007b5580000,0x00000007bbc00000,0x00000007bbc00000)
  from space 31744K, 77% used [0x00000007be100000,0x00000007bf90a0f0,0x00000007c0000000)
  to   space 34816K, 0% used [0x00000007bbc00000,0x00000007bbc00000,0x00000007bde00000)
 ParOldGen       total 43008K, used 35584K [0x00000007a0000000, 0x00000007a2a00000, 0x00000007b5580000)
  object space 43008K, 82% used [0x00000007a0000000,0x00000007a22c0360,0x00000007a2a00000)
 Metaspace       used 26693K, capacity 27178K, committed 27520K, reserved 1073152K
  class space    used 3210K, capacity 3390K, committed 3456K, reserved 1048576K
Event: 948.296 GC heap after
Heap after GC invocations=28 (full 1):
 PSYoungGen      total 129024K, used 23966K [0x00000007b5580000, 0x00000007c0000000, 0x00000007c0000000)
  eden space 104960K, 0% used [0x00000007b5580000,0x00000007b5580000,0x00000007bbc00000)
  from space 24064K, 99% used [0x00000007bbc00000,0x00000007bd367940,0x00000007bd380000)
  to   space 36864K, 0% used [0x00000007bdc00000,0x00000007bdc00000,0x00000007c0000000)
 ParOldGen       total 43008K, used 36168K [0x00000007a0000000, 0x00000007a2a00000, 0x00000007b5580000)
  object space 43008K, 84% used [0x00000007a0000000,0x00000007a2352360,0x00000007a2a00000)
 Metaspace       used 26693K, capacity 27178K, committed 27520K, reserved 1073152K
  class space    used 3210K, capacity 3390K, committed 3456K, reserved 1048576K
}
Event: 948.296 GC heap before
{Heap before GC invocations=29 (full 2):
 PSYoungGen      total 129024K, used 23966K [0x00000007b5580000, 0x00000007c0000000, 0x00000007c0000000)
  eden space 104960K, 0% used [0x00000007b5580000,0x00000007b5580000,0x00000007bbc00000)
  from space 24064K, 99% used [0x00000007bbc00000,0x00000007bd367940,0x00000007bd380000)
  to   space 36864K, 0% used [0x00000007bdc00000,0x00000007bdc00000,0x00000007c0000000)
 ParOldGen       total 43008K, used 36168K [0x00000007a0000000, 0x00000007a2a00000, 0x00000007b5580000)
  object space 43008K, 84% used [0x00000007a0000000,0x00000007a2352360,0x00000007a2a00000)
 Metaspace       used 26693K, capacity 27178K, committed 27520K, reserved 1073152K
  class space    used 3210K, capacity 3390K, committed 3456K, reserved 1048576K
Event: 948.546 GC heap after
Heap after GC invocations=29 (full 2):
 PSYoungGen      total 129024K, used 0K [0x00000007b5580000, 0x00000007c0000000, 0x00000007c0000000)
  eden space 104960K, 0% used [0x00000007b5580000,0x00000007b5580000,0x00000007bbc00000)
  from space 24064K, 0% used [0x00000007bbc00000,0x00000007bbc00000,0x00000007bd380000)
  to   space 36864K, 0% used [0x00000007bdc00000,0x00000007bdc00000,0x00000007c0000000)
 ParOldGen       total 43008K, used 34496K [0x00000007a0000000, 0x00000007a2a00000, 0x00000007b5580000)
  object space 43008K, 80% used [0x00000007a0000000,0x00000007a21b0248,0x00000007a2a00000)
 Metaspace       used 26642K, capacity 27070K, committed 27520K, reserved 1073152K
  class space    used 3200K, capacity 3372K, committed 3456K, reserved 1048576K
}
Event: 949.072 GC heap before
{Heap before GC invocations=30 (full 2):
 PSYoungGen      total 129024K, used 104960K [0x00000007b5580000, 0x00000007c0000000, 0x00000007c0000000)
  eden space 104960K, 100% used [0x00000007b5580000,0x00000007bbc00000,0x00000007bbc00000)
  from space 24064K, 0% used [0x00000007bbc00000,0x00000007bbc00000,0x00000007bd380000)
  to   space 36864K, 0% used [0x00000007bdc00000,0x00000007bdc00000,0x00000007c0000000)
 ParOldGen       total 43008K, used 34496K [0x00000007a0000000, 0x00000007a2a00000, 0x00000007b5580000)
  object space 43008K, 80% used [0x00000007a0000000,0x00000007a21b0248,0x00000007a2a00000)
 Metaspace       used 26642K, capacity 27070K, committed 27520K, reserved 1073152K
  class space    used 3200K, capacity 3372K, committed 3456K, reserved 1048576K
Event: 949.104 GC heap after
Heap after GC invocations=30 (full 2):
 PSYoungGen      total 135680K, used 22673K [0x00000007b5580000, 0x00000007c0000000, 0x00000007c0000000)
  eden space 98816K, 0% used [0x00000007b5580000,0x00000007b5580000,0x00000007bb600000)
  from space 36864K, 61% used [0x00000007bdc00000,0x00000007bf224650,0x00000007c0000000)
  to   space 37888K, 0% used [0x00000007bb600000,0x00000007bb600000,0x00000007bdb00000)
 ParOldGen       total 43008K, used 34496K [0x00000007a0000000, 0x00000007a2a00000, 0x00000007b5580000)
  object space 43008K, 80% used [0x00000007a0000000,0x00000007a21b0248,0x00000007a2a00000)
 Metaspace       used 26642K, capacity 27070K, committed 27520K, reserved 1073152K
  class space    used 3200K, capacity 3372K, committed 3456K, reserved 1048576K
}
Event: 949.547 GC heap before
{Heap before GC invocations=31 (full 2):
 PSYoungGen      total 135680K, used 121489K [0x00000007b5580000, 0x00000007c0000000, 0x00000007c0000000)
  eden space 98816K, 100% used [0x00000007b5580000,0x00000007bb600000,0x00000007bb600000)
  from space 36864K, 61% used [0x00000007bdc00000,0x00000007bf224650,0x00000007c0000000)
  to   space 37888K, 0% used [0x00000007bb600000,0x00000007bb600000,0x00000007bdb00000)
 ParOldGen       total 43008K, used 34496K [0x00000007a0000000, 0x00000007a2a00000, 0x00000007b5580000)
  object space 43008K, 80% used [0x00000007a0000000,0x00000007a21b0248,0x00000007a2a00000)
 Metaspace       used 26643K, capacity 27070K, committed 27520K, reserved 1073152K
  class space    used 3200K, capacity 3372K, committed 3456K, reserved 1048576K
Event: 949.571 GC heap after
Heap after GC invocations=31 (full 2):
 PSYoungGen      total 122368K, used 23480K [0x00000007b5580000, 0x00000007c0000000, 0x00000007c0000000)
  eden space 98816K, 0% used [0x00000007b5580000,0x00000007b5580000,0x00000007bb600000)
  from space 23552K, 99% used [0x00000007bb600000,0x00000007bccee1b0,0x00000007bcd00000)
  to   space 38400K, 0% used [0x00000007bda80000,0x00000007bda80000,0x00000007c0000000)
 ParOldGen       total 43008K, used 35264K [0x00000007a0000000, 0x00000007a2a00000, 0x00000007b5580000)
  object space 43008K, 81% used [0x00000007a0000000,0x00000007a2270280,0x00000007a2a00000)
 Metaspace       used 26643K, capacity 27070K, committed 27520K, reserved 1073152K
  class space    used 3200K, capacity 3372K, committed 3456K, reserved 1048576K
}
Event: 949.958 GC heap before
{Heap before GC invocations=32 (full 2):
 PSYoungGen      total 122368K, used 122296K [0x00000007b5580000, 0x00000007c0000000, 0x00000007c0000000)
  eden space 98816K, 100% used [0x00000007b5580000,0x00000007bb600000,0x00000007bb600000)
  from space 23552K, 99% used [0x00000007bb600000,0x00000007bccee1b0,0x00000007bcd00000)
  to   space 38400K, 0% used [0x00000007bda80000,0x00000007bda80000,0x00000007c0000000)
 ParOldGen       total 43008K, used 35264K [0x00000007a0000000, 0x00000007a2a00000, 0x00000007b5580000)
  object space 43008K, 81% used [0x00000007a0000000,0x00000007a2270280,0x00000007a2a00000)
 Metaspace       used 26643K, capacity 27070K, committed 27520K, reserved 1073152K
  class space    used 3200K, capacity 3372K, committed 3456K, reserved 1048576K
Event: 949.984 GC heap after
Heap after GC invocations=32 (full 2):
 PSYoungGen      total 134144K, used 24096K [0x00000007b5580000, 0x00000007c0000000, 0x00000007c0000000)
  eden space 95744K, 0% used [0x00000007b5580000,0x00000007b5580000,0x00000007bb300000)
  from space 38400K, 62% used [0x00000007bda80000,0x00000007bf208188,0x00000007c0000000)
  to   space 39424K, 0% used [0x00000007bb300000,0x00000007bb300000,0x00000007bd980000)
 ParOldGen       total 43008K, used 36080K [0x00000007a0000000, 0x00000007a2a00000, 0x00000007b5580000)
  object space 43008K, 83% used [0x00000007a0000000,0x00000007a233c280,0x00000007a2a00000)
 Metaspace       used 26643K, capacity 27070K, committed 27520K, reserved 1073152K
  class space    used 3200K, capacity 3372K, committed 3456K, reserved 1048576K
}

